<?xml version="1.0" encoding="UTF-8"?>
<!-- Generated by org.testng.reporters.JUnitReportReporter -->
<testsuite hostname="DESKTOP-GKUD8OV" failures="0" tests="1" name="GoogleMap.RadioAndCheckBTK" time="27.654" errors="0" timestamp="2023-04-24T17:45:30 IST" skipped="0">
  <testcase classname="GoogleMap.RadioAndCheckBTK" name="rediobutten" time="27.654"/>
  <system-out/>
</testsuite> <!-- GoogleMap.RadioAndCheckBTK -->
