<?xml version="1.0" encoding="UTF-8"?>
<!-- Generated by org.testng.reporters.JUnitReportReporter -->
<testsuite hostname="DESKTOP-GKUD8OV" failures="0" tests="1" name="GoogleMap.TablesOnWebPage" time="0.230" errors="0" timestamp="2023-04-24T18:15:14 IST" skipped="0">
  <testcase classname="GoogleMap.TablesOnWebPage" name="tables" time="0.230"/>
  <system-out/>
</testsuite> <!-- GoogleMap.TablesOnWebPage -->
