<?xml version="1.0" encoding="UTF-8"?>
<!-- Generated by org.testng.reporters.JUnitReportReporter -->
<testsuite hostname="DESKTOP-GKUD8OV" failures="0" tests="1" name="GoogleMap.DemoGoogleMap" time="29.175" errors="0" timestamp="2023-04-20T01:12:03 IST" skipped="0">
  <testcase classname="GoogleMap.DemoGoogleMap" name="rediobutten" time="29.175"/>
  <system-out/>
</testsuite> <!-- GoogleMap.DemoGoogleMap -->
