<?xml version="1.0" encoding="UTF-8"?>
<!-- Generated by org.testng.reporters.JUnitReportReporter -->
<testsuite hostname="DESKTOP-GKUD8OV" failures="0" tests="1" name="Firest.TestNG.GitDemo" time="169.478" errors="0" timestamp="2023-04-18T00:42:43 IST" skipped="0">
  <testcase classname="Firest.TestNG.GitDemo" name="links" time="169.478"/>
  <system-out/>
</testsuite> <!-- Firest.TestNG.GitDemo -->
