<?xml version="1.0" encoding="UTF-8"?>
<!-- Generated by org.testng.reporters.JUnitReportReporter -->
<testsuite hostname="DESKTOP-GKUD8OV" failures="0" tests="1" name="allseleniumpractice.ActionClass" time="0.466" errors="0" timestamp="2023-04-24T20:13:40 IST" skipped="0">
  <testcase classname="allseleniumpractice.ActionClass" name="Action" time="0.466"/>
  <system-out/>
</testsuite> <!-- allseleniumpractice.ActionClass -->
