<?xml version="1.0" encoding="UTF-8"?>
<!-- Generated by org.testng.reporters.JUnitReportReporter -->
<testsuite hostname="DESKTOP-GKUD8OV" failures="0" tests="1" name="allseleniumpractice.SelectClass" time="0.285" errors="0" timestamp="2023-04-24T19:01:53 IST" skipped="0">
  <testcase classname="allseleniumpractice.SelectClass" name="selectclass" time="0.285"/>
  <system-out/>
</testsuite> <!-- allseleniumpractice.SelectClass -->
