<?xml version="1.0" encoding="UTF-8"?>
<!-- Generated by org.testng.reporters.JUnitReportReporter -->
<testsuite hostname="DESKTOP-GKUD8OV" failures="0" tests="1" name="Firest.TestNG.LinksOnWebPage" time="72.353" errors="0" timestamp="2023-04-15T16:54:43 IST" skipped="0">
  <testcase classname="Firest.TestNG.LinksOnWebPage" name="linkonpage" time="72.353"/>
  <system-out/>
</testsuite> <!-- Firest.TestNG.LinksOnWebPage -->
