<?xml version="1.0" encoding="UTF-8"?>
<!-- Generated by org.testng.reporters.JUnitReportReporter -->
<testsuite hostname="DESKTOP-GKUD8OV" failures="0" tests="1" name="Firest.TestNG.ExcelFile" time="5.552" errors="0" timestamp="2023-04-15T17:08:55 IST" skipped="0">
  <testcase classname="Firest.TestNG.ExcelFile" name="file" time="5.552"/>
  <system-out/>
</testsuite> <!-- Firest.TestNG.ExcelFile -->
