<?xml version="1.0" encoding="UTF-8"?>
<!-- Generated by org.testng.reporters.JUnitReportReporter -->
<testsuite hostname="DESKTOP-GKUD8OV" failures="0" tests="1" name="Firest.TestNG.ScreenShoot" time="18.820" errors="0" timestamp="2023-04-14T15:52:21 IST" skipped="0">
  <testcase classname="Firest.TestNG.ScreenShoot" name="setup" time="18.820"/>
  <system-out/>
</testsuite> <!-- Firest.TestNG.ScreenShoot -->
